<?xml version="1.0" encoding="UTF-8"?>
<testsuite xmlns:xsi="http://www.w3.org/2001/XMLSchema-instance" xsi:noNamespaceSchemaLocation="https://maven.apache.org/surefire/maven-failsafe-plugin/xsd/failsafe-test-report-3.0.xsd" version="3.0" name="Run a simple performance test using a give JMX file" time="4.159" tests="1" errors="0" skipped="0" failures="0">
  <properties>
[...]
</properties>
  <testcase name="Performance testing using a preconfigured JMX file" classname="Run a simple performance test using a give JMX file" time="4.159">
    <system-out><![CDATA[SLF4J: Class path contains multiple SLF4J bindings.
SLF4J: Found binding in [jar:file:/Users/ryan/.m2/repository/ch/qos/logback/logback-classic/1.0.13/logback-classic-1.0.13.jar!/org/slf4j/impl/StaticLoggerBinder.class]
SLF4J: Found binding in [jar:file:/Users/ryan/.m2/repository/org/apache/logging/log4j/log4j-slf4j-impl/2.13.3/log4j-slf4j-impl-2.13.3.jar!/org/slf4j/impl/StaticLoggerBinder.class]
SLF4J: See http://www.slf4j.org/codes.html#multiple_bindings for an explanation.
SLF4J: Actual binding is of type [ch.qos.logback.classic.util.ContextSelectorStaticBinder]
10:47:37.239 [main] INFO  i.c.core.plugin.SerenityReporter - Running feature from file:///Users/ryan/Projects/jmetertest11/src/test/resources/features/API/ApiTesting.feature

10:47:37.375 [main] INFO   - 

-------------------------------------------------------------------------------------
     _______. _______ .______       _______ .__   __.  __  .___________.____    ____ 
    /       ||   ____||   _  \     |   ____||  \ |  | |  | |           |\   \  /   / 
   |   (----`|  |__   |  |_)  |    |  |__   |   \|  | |  | `---|  |----` \   \/   /  
    \   \    |   __|  |      /     |   __|  |  . `  | |  |     |  |       \_    _/   
.----)   |   |  |____ |  |\  \----.|  |____ |  |\   | |  |     |  |         |  |     
|_______/    |_______|| _| `._____||_______||__| \__| |__|     |__|         |__|    
                                                                                     
 News and tutorials at http://www.serenity-bdd.info                                  
 Documentation at https://wakaleo.gitbooks.io/the-serenity-book/content/             
 Join the Serenity Community on Gitter: https://gitter.im/serenity-bdd/serenity-core 
 Serenity BDD Support and Training at http://serenity-bdd.info/#/trainingandsupport  
-------------------------------------------------------------------------------------


10:47:37.379 [main] INFO   - Test Suite Started: Automated API Test using restassured

10:47:37.389 [main] INFO  i.c.core.plugin.SerenityReporter - Running feature from file:///Users/ryan/Projects/jmetertest11/src/test/resources/features/Jmeter/JmeterPerformanceTest.feature

10:47:37.394 [main] INFO   - Test Suite Started: Run a simple performance test using a give JMX file

10:47:37.394 [main] INFO  i.c.core.plugin.SerenityReporter - Running feature from file:///Users/ryan/Projects/jmetertest11/src/test/resources/features/UI/duckduckgo.feature

10:47:37.398 [main] INFO   - Test Suite Started: Duckduckgo automated test



1
 Scenarios (
&amp#27;[32m1 passed&amp#27;[0m
)


2
 Steps (
&amp#27;[32m2 passed&amp#27;[0m
)


0m
4.330s






10:47:41.576 [pool-3-thread-1] INFO  n.t.core.reports.ReportService - net.thucydides.core.reports.json.JSONTestOutcomeReporter@a33b4e3: Generating report for test outcome: Run a simple performance test using a give JMX file:Performance testing using a preconfigured JMX file

10:47:41.607 [pool-4-thread-1] INFO  n.t.core.reports.ReportService - net.thucydides.core.reports.html.HtmlAcceptanceTestReporter@46d567cb: Generating report for test outcome: Run a simple performance test using a give JMX file:Performance testing using a preconfigured JMX file

10:47:42.566 [main] INFO  i.c.core.plugin.SerenityReporter - Cleanup test resources for URI file:///Users/ryan/Projects/jmetertest11/src/test/resources/features/Jmeter/JmeterPerformanceTest.feature


@Jmeter @Performance
Scenario: Performance testing using a preconfigured JMX file             &amp#27;[90m# src/test/resources/features/Jmeter/JmeterPerformanceTest.feature:4&amp#27;[0m
10:47:37.669 [pool-2-thread-1] INFO  i.c.core.plugin.SerenityReporter - Running feature from file:///Users/ryan/Projects/jmetertest11/src/test/resources/features/Jmeter/JmeterPerformanceTest.feature
10:47:37.744 [pool-2-thread-1] INFO   - 
  _____   ___   ___   _____     ___   _____     _     ___   _____   ___   ___  
 |_   _| | __| / __| |_   _|   / __| |_   _|   /_\   | _ \ |_   _| | __| |   \ 
   | |   | _|  \__ \   | |     \__ \   | |    / _ \  |   /   | |   | _|  | |) |
   |_|   |___| |___/   |_|     |___/   |_|   /_/ \_\ |_|_\   |_|   |___| |___/ 

Performance testing using a preconfigured JMX file(run-a-simple-performance-test-using-a-give-jmx-file;performance-testing-using-a-preconfigured-jmx-file)
--------------------------------------------------------------------------------
  &amp#27;[32mWhen &amp#27;[0m&amp#27;[32mthe following volumetrics are used for the JMX file: "&amp#27;[0m&amp#27;[32m&amp#27;[1msample.jmx&amp#27;[0m&amp#27;[32m"&amp#27;[0m &amp#27;[90m# Jmeter.stepdefinitions.JmeterSteps.useVolumetrics(java.lang.String,io.cucumber.datatable.DataTable)&amp#27;[0m
10:47:38.009 [pool-2-thread-1] WARN  org.apache.jmeter.util.JMeterUtils - Exception 'null' occurred when fetching boolean property:'server.exitaftertest', defaulting to: false
10:47:38.009 [pool-2-thread-1] WARN  org.apache.jmeter.util.JMeterUtils - Exception 'null' occurred when fetching boolean property:'jmeterengine.remote.system.exit', defaulting to: false
10:47:38.009 [pool-2-thread-1] WARN  org.apache.jmeter.util.JMeterUtils - Exception 'null' occurred when fetching boolean property:'jmeterengine.stopfail.system.exit', defaulting to: true
10:47:38.009 [pool-2-thread-1] WARN  org.apache.jmeter.util.JMeterUtils - Exception 'null' occurred when fetching boolean property:'jmeterengine.force.system.exit', defaulting to: false
10:47:38.010 [pool-2-thread-1] INFO  org.apache.jmeter.util.JMeterUtils - Setting Locale to en_GB
10:47:38.226 [pool-2-thread-1] INFO  org.apache.jmeter.save.SaveService - Testplan (JMX) version: 2.2. Testlog (JTL) version: 2.2
10:47:38.240 [pool-2-thread-1] INFO  org.apache.jmeter.save.SaveService - Using SaveService properties version 3.2
10:47:38.243 [pool-2-thread-1] INFO  org.apache.jmeter.save.SaveService - Using SaveService properties file encoding UTF-8
10:47:38.247 [pool-2-thread-1] WARN  org.apache.jmeter.save.SaveService - Bad _version - expected 5.0, found 3.2.
10:47:38.248 [pool-2-thread-1] INFO  org.apache.jmeter.save.SaveService - Loading file: src/test/java/jmeter/jmx/sample.jmx
10:47:38.286 [pool-2-thread-1] INFO  o.a.j.p.http.sampler.HTTPSamplerBase - Parser for text/html is org.apache.jmeter.protocol.http.parser.LagartoBasedHtmlParser
10:47:38.286 [pool-2-thread-1] INFO  o.a.j.p.http.sampler.HTTPSamplerBase - Parser for application/xhtml+xml is org.apache.jmeter.protocol.http.parser.LagartoBasedHtmlParser
10:47:38.286 [pool-2-thread-1] INFO  o.a.j.p.http.sampler.HTTPSamplerBase - Parser for application/xml is org.apache.jmeter.protocol.http.parser.LagartoBasedHtmlParser
10:47:38.286 [pool-2-thread-1] INFO  o.a.j.p.http.sampler.HTTPSamplerBase - Parser for text/xml is org.apache.jmeter.protocol.http.parser.LagartoBasedHtmlParser
10:47:38.286 [pool-2-thread-1] INFO  o.a.j.p.http.sampler.HTTPSamplerBase - Parser for text/vnd.wap.wml is org.apache.jmeter.protocol.http.parser.RegexpHTMLParser
10:47:38.286 [pool-2-thread-1] INFO  o.a.j.p.http.sampler.HTTPSamplerBase - Parser for text/css is org.apache.jmeter.protocol.http.parser.CssParser
10:47:38.299 [pool-2-thread-1] INFO  o.a.j.engine.StandardJMeterEngine - Running the test!
10:47:38.313 [pool-2-thread-1] INFO  o.apache.jmeter.samplers.SampleEvent - List of sample_variables: []
10:47:38.313 [pool-2-thread-1] INFO  o.apache.jmeter.samplers.SampleEvent - List of sample_variables: []
10:47:38.318 [pool-2-thread-1] INFO  o.a.j.engine.util.CompoundVariable - Note: Function class names must contain the string: '.functions.'
10:47:38.318 [pool-2-thread-1] INFO  o.a.j.engine.util.CompoundVariable - Note: Function class names must not contain the string: '.gui.'
10:47:38.319 [pool-2-thread-1] WARN  o.a.j.engine.util.CompoundVariable - Did not find any functions
10:47:38.323 [pool-2-thread-1] INFO  o.apache.jmeter.services.FileServer - Default base='/Users/ryan/Projects/jmetertest11'
10:47:38.351 [pool-2-thread-1] INFO  o.a.j.engine.StandardJMeterEngine - Starting ThreadGroup: 1 : Thread Group
10:47:38.351 [pool-2-thread-1] INFO  o.a.j.engine.StandardJMeterEngine - Starting 10 threads for group Thread Group.
10:47:38.351 [pool-2-thread-1] INFO  o.a.j.engine.StandardJMeterEngine - Thread will continue on error
10:47:38.351 [pool-2-thread-1] INFO  o.apache.jmeter.threads.ThreadGroup - Starting thread group... number=1 threads=10 ramp-up=1 delayedStart=false
10:47:38.363 [pool-2-thread-1] INFO  o.apache.jmeter.threads.ThreadGroup - Started thread group number 1
10:47:38.363 [pool-2-thread-1] INFO  o.a.j.engine.StandardJMeterEngine - All thread groups have been started
10:47:38.364 [Thread Group 1-1] INFO  o.apache.jmeter.threads.JMeterThread - Thread started: Thread Group 1-1
10:47:38.463 [Thread Group 1-2] INFO  o.apache.jmeter.threads.JMeterThread - Thread started: Thread Group 1-2
10:47:38.562 [Thread Group 1-3] INFO  o.apache.jmeter.threads.JMeterThread - Thread started: Thread Group 1-3
10:47:38.660 [Thread Group 1-4] INFO  o.apache.jmeter.threads.JMeterThread - Thread started: Thread Group 1-4
10:47:38.755 [Thread Group 1-5] INFO  o.apache.jmeter.threads.JMeterThread - Thread started: Thread Group 1-5
10:47:38.860 [Thread Group 1-6] INFO  o.apache.jmeter.threads.JMeterThread - Thread started: Thread Group 1-6
10:47:38.903 [Thread Group 1-1] INFO  o.a.j.p.h.sampler.HTTPHCAbstractImpl - Local host = Ryans-MacBook-Pro.local
10:47:38.911 [Thread Group 1-1] INFO  o.a.j.p.http.sampler.HTTPHC4Impl - HTTP request retry count = 0
10:47:38.913 [Thread Group 1-1] INFO  o.a.jmeter.samplers.SampleResult - Note: Sample TimeStamps are START times
10:47:38.913 [Thread Group 1-1] INFO  o.a.jmeter.samplers.SampleResult - sampleresult.default.encoding is set to ISO-8859-1
10:47:38.913 [Thread Group 1-1] INFO  o.a.jmeter.samplers.SampleResult - sampleresult.useNanoTime=true
10:47:38.913 [Thread Group 1-1] INFO  o.a.jmeter.samplers.SampleResult - sampleresult.nanoThreadSleep=5000
10:47:38.955 [Thread Group 1-7] INFO  o.apache.jmeter.threads.JMeterThread - Thread started: Thread Group 1-7
10:47:39.032 [Thread Group 1-1] INFO  o.a.j.p.h.s.h.LazyLayeredConnectionSocketFactory - Setting up HTTPS TrustAll Socket Factory
10:47:39.037 [Thread Group 1-1] INFO  o.apache.jmeter.util.JsseSSLManager - Using default SSL protocol: SSLv3
10:47:39.037 [Thread Group 1-1] INFO  o.apache.jmeter.util.JsseSSLManager - SSL session context: per-thread
10:47:39.058 [Thread Group 1-8] INFO  o.apache.jmeter.threads.JMeterThread - Thread started: Thread Group 1-8
10:47:39.123 [Thread Group 1-1] INFO  org.apache.jmeter.util.SSLManager - JmeterKeyStore Location:  type JKS
10:47:39.125 [Thread Group 1-1] INFO  org.apache.jmeter.util.SSLManager - KeyStore created OK
10:47:39.125 [Thread Group 1-1] WARN  org.apache.jmeter.util.SSLManager - Keystore file not found, loading empty keystore
10:47:39.153 [Thread Group 1-9] INFO  o.apache.jmeter.threads.JMeterThread - Thread started: Thread Group 1-9
10:47:39.256 [Thread Group 1-10] INFO  o.apache.jmeter.threads.JMeterThread - Thread started: Thread Group 1-10
10:47:40.283 [Thread Group 1-2] INFO  o.apache.jmeter.threads.JMeterThread - Thread is done: Thread Group 1-2
10:47:40.284 [Thread Group 1-2] INFO  o.apache.jmeter.threads.JMeterThread - Thread finished: Thread Group 1-2
10:47:40.338 [Thread Group 1-1] INFO  o.apache.jmeter.threads.JMeterThread - Thread is done: Thread Group 1-1
10:47:40.339 [Thread Group 1-1] INFO  o.apache.jmeter.threads.JMeterThread - Thread finished: Thread Group 1-1
10:47:40.364 [Thread Group 1-3] INFO  o.apache.jmeter.threads.JMeterThread - Thread is done: Thread Group 1-3
10:47:40.364 [Thread Group 1-3] INFO  o.apache.jmeter.threads.JMeterThread - Thread finished: Thread Group 1-3
10:47:40.397 [Thread Group 1-4] INFO  o.apache.jmeter.threads.JMeterThread - Thread is done: Thread Group 1-4
10:47:40.397 [Thread Group 1-4] INFO  o.apache.jmeter.threads.JMeterThread - Thread finished: Thread Group 1-4
10:47:40.398 [Thread Group 1-5] INFO  o.apache.jmeter.threads.JMeterThread - Thread is done: Thread Group 1-5
10:47:40.398 [Thread Group 1-5] INFO  o.apache.jmeter.threads.JMeterThread - Thread finished: Thread Group 1-5
10:47:40.447 [Thread Group 1-8] INFO  o.apache.jmeter.threads.JMeterThread - Thread is done: Thread Group 1-8
10:47:40.447 [Thread Group 1-8] INFO  o.apache.jmeter.threads.JMeterThread - Thread finished: Thread Group 1-8
10:47:40.448 [Thread Group 1-7] INFO  o.apache.jmeter.threads.JMeterThread - Thread is done: Thread Group 1-7
10:47:40.448 [Thread Group 1-7] INFO  o.apache.jmeter.threads.JMeterThread - Thread finished: Thread Group 1-7
10:47:40.515 [Thread Group 1-9] INFO  o.apache.jmeter.threads.JMeterThread - Thread is done: Thread Group 1-9
10:47:40.515 [Thread Group 1-9] INFO  o.apache.jmeter.threads.JMeterThread - Thread finished: Thread Group 1-9
10:47:40.584 [Thread Group 1-10] INFO  o.apache.jmeter.threads.JMeterThread - Thread is done: Thread Group 1-10
10:47:40.585 [Thread Group 1-10] INFO  o.apache.jmeter.threads.JMeterThread - Thread finished: Thread Group 1-10
10:47:40.674 [Thread Group 1-6] INFO  o.apache.jmeter.threads.JMeterThread - Thread is done: Thread Group 1-6
10:47:40.674 [Thread Group 1-6] INFO  o.apache.jmeter.threads.JMeterThread - Thread finished: Thread Group 1-6
10:47:40.674 [pool-2-thread-1] INFO  o.a.j.engine.StandardJMeterEngine - Notifying test listeners of end of test
10:47:40.675 [pool-2-thread-1] INFO  o.apache.jmeter.reporters.Summariser - summary =     20 in 00:00:02 =    8.5/s Avg:   306 Min:   117 Max:   607 Err:     0 (0.00%)
summary =     20 in 00:00:02 =    8.5/s Avg:   306 Min:   117 Max:   607 Err:     0 (0.00%)
10:47:40.686 [pool-2-thread-1] INFO  o.a.j.r.dashboard.ReportGenerator - ReportGenerator will use for Parsing the separator: ','
10:47:40.686 [pool-2-thread-1] INFO  o.a.j.r.dashboard.ReportGenerator - Will only generate report from results file: src/test/resources/jmeter/outputs/2021-07-20T10:47:37.994974/result.jtl
10:47:40.686 [pool-2-thread-1] INFO  o.a.j.r.dashboard.ReportGenerator - Reading report generator properties from: /Users/ryan/Projects/jmetertest11/src/test/resources/jmeter/bin/reportgenerator.properties
10:47:40.687 [pool-2-thread-1] INFO  o.a.j.r.dashboard.ReportGenerator - Merging with JMeter properties
10:47:40.691 [pool-2-thread-1] INFO  o.a.j.r.c.ReportGeneratorConfiguration - Property 'jmeter.reportgenerator.temp_dir' not found, using default value 'temp' instead.
10:47:40.693 [pool-2-thread-1] INFO  o.a.j.r.c.ReportGeneratorConfiguration - Property 'jmeter.reportgenerator.apdex_per_transaction' not found, using default value 'null' instead.
10:47:40.693 [pool-2-thread-1] INFO  o.a.j.r.c.ReportGeneratorConfiguration - apdex_per_transaction is empty, not APDEX per transaction customization
10:47:40.693 [pool-2-thread-1] INFO  o.a.j.r.c.ReportGeneratorConfiguration - Property 'jmeter.reportgenerator.sample_filter' not found, using default value 'null' instead.
10:47:40.693 [pool-2-thread-1] INFO  o.a.j.r.c.ReportGeneratorConfiguration - Property 'jmeter.reportgenerator.report_title' not found, using default value 'null' instead.
10:47:40.693 [pool-2-thread-1] INFO  o.a.j.r.c.ReportGeneratorConfiguration - Property 'jmeter.reportgenerator.start_date' not found, using default value 'null' instead.
10:47:40.693 [pool-2-thread-1] INFO  o.a.j.r.c.ReportGeneratorConfiguration - Property 'jmeter.reportgenerator.end_date' not found, using default value 'null' instead.
10:47:40.693 [pool-2-thread-1] INFO  o.a.j.r.c.ReportGeneratorConfiguration - Property 'jmeter.reportgenerator.date_format' not found, using default value 'null' instead.
10:47:40.695 [pool-2-thread-1] INFO  o.a.j.r.c.ReportGeneratorConfiguration - Will use date range start date: null, end date: null
10:47:40.699 [pool-2-thread-1] INFO  o.a.j.r.c.ReportGeneratorConfiguration - Property 'jmeter.reportgenerator.graph.activeThreadsOverTime.exclude_controllers' not found, using default value 'false' instead.
10:47:40.699 [pool-2-thread-1] INFO  o.a.j.r.c.ReportGeneratorConfiguration - Property 'jmeter.reportgenerator.graph.timeVsThreads.exclude_controllers' not found, using default value 'false' instead.
10:47:40.699 [pool-2-thread-1] INFO  o.a.j.r.c.ReportGeneratorConfiguration - Property 'jmeter.reportgenerator.graph.responseTimeDistribution.exclude_controllers' not found, using default value 'false' instead.
10:47:40.699 [pool-2-thread-1] INFO  o.a.j.r.c.ReportGeneratorConfiguration - Property 'jmeter.reportgenerator.graph.transactionsPerSecond.exclude_controllers' not found, using default value 'false' instead.
10:47:40.699 [pool-2-thread-1] INFO  o.a.j.r.c.ReportGeneratorConfiguration - Property 'jmeter.reportgenerator.graph.responseTimePercentiles.exclude_controllers' not found, using default value 'false' instead.
10:47:40.699 [pool-2-thread-1] INFO  o.a.j.r.c.ReportGeneratorConfiguration - Property 'jmeter.reportgenerator.graph.responseTimePercentilesOverTime.exclude_controllers' not found, using default value 'false' instead.
10:47:40.699 [pool-2-thread-1] INFO  o.a.j.r.c.ReportGeneratorConfiguration - Property 'jmeter.reportgenerator.graph.responseTimesOverTime.exclude_controllers' not found, using default value 'false' instead.
10:47:40.699 [pool-2-thread-1] INFO  o.a.j.r.c.ReportGeneratorConfiguration - Property 'jmeter.reportgenerator.graph.connectTimeOverTime.exclude_controllers' not found, using default value 'false' instead.
10:47:40.700 [pool-2-thread-1] INFO  o.a.j.r.c.ReportGeneratorConfiguration - Property 'jmeter.reportgenerator.graph.latenciesOverTime.exclude_controllers' not found, using default value 'false' instead.
10:47:40.700 [pool-2-thread-1] INFO  o.a.j.r.c.ReportGeneratorConfiguration - Property 'jmeter.reportgenerator.exporter.html.filters_only_sample_series' not found, using default value 'true' instead.
10:47:40.700 [pool-2-thread-1] INFO  o.a.j.r.c.ReportGeneratorConfiguration - Property 'jmeter.reportgenerator.exporter.html.series_filter' not found, using default value '' instead.
10:47:40.700 [pool-2-thread-1] INFO  o.a.j.r.c.ReportGeneratorConfiguration - Property 'jmeter.reportgenerator.exporter.html.show_controllers_only' not found, using default value 'false' instead.
10:47:40.708 [pool-2-thread-1] INFO  o.a.j.r.p.NormalizerSampleConsumer - Using format, 'ms', to parse timeStamp field
10:47:40.783 [pool-2-thread-1] INFO  o.a.j.r.p.AbstractSampleConsumer - class org.apache.jmeter.report.processor.AggregateConsumer#stopProducing(): beginDate produced 0 samples
10:47:40.783 [pool-2-thread-1] INFO  o.a.j.r.p.AbstractSampleConsumer - class org.apache.jmeter.report.processor.AggregateConsumer#stopProducing(): endDate produced 0 samples
10:47:40.785 [pool-2-thread-1] INFO  o.a.j.r.p.AbstractSampleConsumer - class org.apache.jmeter.report.processor.ApdexSummaryConsumer#stopProducing(): apdexSummary produced 0 samples
10:47:40.785 [pool-2-thread-1] INFO  o.a.j.r.p.AbstractSampleConsumer - class org.apache.jmeter.report.processor.RequestsSummaryConsumer#stopProducing(): requestsSummary produced 0 samples
10:47:40.789 [pool-2-thread-1] INFO  o.a.j.r.p.AbstractSampleConsumer - class org.apache.jmeter.report.processor.StatisticsSummaryConsumer#stopProducing(): statisticsSummary produced 0 samples
10:47:40.791 [pool-2-thread-1] INFO  o.a.j.r.p.AbstractSampleConsumer - class org.apache.jmeter.report.processor.Top5ErrorsBySamplerConsumer#stopProducing(): top5ErrorsBySampler produced 0 samples
10:47:40.791 [pool-2-thread-1] INFO  o.a.j.r.p.AbstractSampleConsumer - class org.apache.jmeter.report.processor.ErrorsSummaryConsumer#stopProducing(): errorsSummary produced 0 samples
10:47:40.791 [pool-2-thread-1] INFO  o.a.j.r.p.AbstractSampleConsumer - class org.apache.jmeter.report.processor.graph.impl.HitsPerSecondGraphConsumer#stopProducing(): hitsPerSecond produced 0 samples
10:47:40.796 [pool-2-thread-1] INFO  o.a.j.r.p.AbstractSampleConsumer - class org.apache.jmeter.report.processor.graph.impl.LatencyVSRequestGraphConsumer#stopProducing(): latencyVsRequest produced 0 samples
10:47:40.796 [pool-2-thread-1] INFO  o.a.j.r.p.AbstractSampleConsumer - class org.apache.jmeter.report.processor.graph.impl.SyntheticResponseTimeDistributionGraphConsumer#stopProducing(): syntheticResponseTimeDistribution produced 0 samples
10:47:40.797 [pool-2-thread-1] INFO  o.a.j.r.p.AbstractSampleConsumer - class org.apache.jmeter.report.processor.graph.impl.BytesThroughputGraphConsumer#stopProducing(): bytesThroughputOverTime produced 0 samples
10:47:40.797 [pool-2-thread-1] INFO  o.a.j.r.p.AbstractSampleConsumer - class org.apache.jmeter.report.processor.graph.impl.CodesPerSecondGraphConsumer#stopProducing(): codesPerSecond produced 0 samples
10:47:40.801 [pool-2-thread-1] INFO  o.a.j.r.p.AbstractSampleConsumer - class org.apache.jmeter.report.processor.graph.impl.ResponseTimeVSRequestGraphConsumer#stopProducing(): responseTimeVsRequest produced 0 samples
10:47:40.801 [pool-2-thread-1] INFO  o.a.j.r.p.AbstractSampleConsumer - class org.apache.jmeter.report.processor.FilterConsumer#stopProducing(): startIntervalControlerFilter produced 420 samples
10:47:40.801 [pool-2-thread-1] INFO  o.a.j.r.p.AbstractSampleConsumer - class org.apache.jmeter.report.processor.graph.impl.ActiveThreadsGraphConsumer#stopProducing(): activeThreadsOverTime produced 0 samples
10:47:40.801 [pool-2-thread-1] INFO  o.a.j.r.p.AbstractSampleConsumer - class org.apache.jmeter.report.processor.graph.impl.TimeVSThreadGraphConsumer#stopProducing(): timeVsThreads produced 0 samples
10:47:40.801 [pool-2-thread-1] INFO  o.a.j.r.p.AbstractSampleConsumer - class org.apache.jmeter.report.processor.graph.impl.ResponseTimeDistributionGraphConsumer#stopProducing(): responseTimeDistribution produced 0 samples
10:47:40.801 [pool-2-thread-1] INFO  o.a.j.r.p.AbstractSampleConsumer - class org.apache.jmeter.report.processor.graph.impl.TransactionsPerSecondGraphConsumer#stopProducing(): transactionsPerSecond produced 0 samples
10:47:40.801 [pool-2-thread-1] INFO  o.a.j.r.p.AbstractSampleConsumer - class org.apache.jmeter.report.processor.graph.impl.ResponseTimePercentilesGraphConsumer#stopProducing(): responseTimePercentiles produced 0 samples
10:47:40.802 [pool-2-thread-1] INFO  o.a.j.r.p.AbstractSampleConsumer - class org.apache.jmeter.report.processor.graph.impl.ResponseTimePercentilesOverTimeGraphConsumer#stopProducing(): responseTimePercentilesOverTime produced 0 samples
10:47:40.803 [pool-2-thread-1] INFO  o.a.j.r.p.AbstractSampleConsumer - class org.apache.jmeter.report.processor.graph.impl.ResponseTimeOverTimeGraphConsumer#stopProducing(): responseTimesOverTime produced 0 samples
10:47:40.803 [pool-2-thread-1] INFO  o.a.j.r.p.AbstractSampleConsumer - class org.apache.jmeter.report.processor.graph.impl.ConnectTimeOverTimeGraphConsumer#stopProducing(): connectTimeOverTime produced 0 samples
10:47:40.803 [pool-2-thread-1] INFO  o.a.j.r.p.AbstractSampleConsumer - class org.apache.jmeter.report.processor.graph.impl.LatencyOverTimeGraphConsumer#stopProducing(): latenciesOverTime produced 0 samples
10:47:40.803 [pool-2-thread-1] INFO  o.a.j.r.p.AbstractSampleConsumer - class org.apache.jmeter.report.processor.FilterConsumer#stopProducing(): nameFilter produced 840 samples
10:47:40.803 [pool-2-thread-1] INFO  o.a.j.r.p.AbstractSampleConsumer - class org.apache.jmeter.report.processor.FilterConsumer#stopProducing(): dateRangeFilter produced 180 samples
10:47:40.803 [pool-2-thread-1] INFO  o.a.j.r.p.AbstractSampleConsumer - class org.apache.jmeter.report.processor.NormalizerSampleConsumer#stopProducing(): normalizer produced 60 samples
10:47:40.803 [pool-2-thread-1] INFO  o.a.j.r.p.CsvFileSampleSource - produce(): 60 samples produced in 72ms on channel 0
10:47:40.803 [pool-2-thread-1] INFO  o.a.j.r.dashboard.ReportGenerator - Exporting data using exporter:'html' of className:'org.apache.jmeter.report.dashboard.HtmlTemplateExporter'
10:47:40.806 [pool-2-thread-1] INFO  o.a.j.r.d.HtmlTemplateExporter - Will generate dashboard in folder: /Users/ryan/Projects/jmetertest11/src/test/resources/jmeter/outputs/2021-07-20T10:47:37.994974
10:47:41.173 [pool-2-thread-1] INFO  o.a.j.r.d.HtmlTemplateExporter - Report will be generated in: /Users/ryan/Projects/jmetertest11/src/test/resources/jmeter/outputs/2021-07-20T10:47:37.994974, creating folder structure
10:47:41.175 [pool-2-thread-1] INFO  o.a.j.r.dashboard.TemplateVisitor - Copying folder from 'src/test/resources/jmeter/bin/report-template' to 'src/test/resources/jmeter/outputs/2021-07-20T10:47:37.994974', got message: src/test/resources/jmeter/outputs/2021-07-20T10:47:37.994974, found non empty folder with following content [src/test/resources/jmeter/outputs/2021-07-20T10:47:37.994974/result.jtl], will be ignored
  &amp#27;[32mThen &amp#27;[0m&amp#27;[32mthe JMX file: "&amp#27;[0m&amp#27;[32m&amp#27;[1msample.jmx&amp#27;[0m&amp#27;[32m" is executed&amp#27;[0m                            &amp#27;[90m# Jmeter.stepdefinitions.JmeterSteps.theTestIsExecuted(java.lang.String)&amp#27;[0m
10:47:41.560 [pool-2-thread-1] INFO   - 
  _____   ___   ___   _____     ___     _     ___   ___   ___   ___  
 |_   _| | __| / __| |_   _|   | _ \   /_\   / __| / __| | __| |   \ 
   | |   | _|  \__ \   | |     |  _/  / _ \  \__ \ \__ \ | _|  | |) |
   |_|   |___| |___/   |_|     |_|   /_/ \_\ |___/ |___/ |___| |___/ 

Performance testing using a preconfigured JMX file
----------------------------------------------------------------------
]]></system-out>
  </testcase>
</testsuite>